make all --print-data-base --no-builtin-variables --no-builtin-rules --question
# GNU Make 4.2.1
# Built for x86_64-pc-linux-gnu
# Copyright (C) 1988-2016 Free Software Foundation, Inc.
# License GPLv3+: GNU GPL version 3 or later <http://gnu.org/licenses/gpl.html>
# This is free software: you are free to change and redistribute it.
# There is NO WARRANTY, to the extent permitted by law.

# Make data base, printed on Fri Jun 10 12:18:25 2022

# Variables

# 'override' directive
GNUMAKEFLAGS := 
# automatic
<D = $(patsubst %/,%,$(dir $<))
# automatic
?F = $(notdir $?)
# environment
DESKTOP_SESSION = ubuntu
# default
.SHELLFLAGS := -c
# environment
XDG_SESSION_CLASS = user
# environment
SNAP_COMMON = /var/snap/code/common
# environment
XDG_SESSION_TYPE = x11
# environment
VSCODE_LOG_NATIVE = false
# automatic
?D = $(patsubst %/,%,$(dir $?))
# environment
IM_CONFIG_PHASE = 1
# automatic
@D = $(patsubst %/,%,$(dir $@))
# environment
XAUTHORITY = /run/user/1000/gdm/Xauthority
# environment
GDMSESSION = ubuntu
# environment
XMODIFIERS = @im=ibus
# makefile
CURDIR := /home/miguel/Documentos/backoffice-coding-task-slim
# makefile
SHELL = /bin/sh
# environment
SNAP_DATA = /var/snap/code/97
# environment
VSCODE_NLS_CONFIG = {"locale":"es","availableLanguages":{"*":"es"},"_languagePackId":"125a9a608456aa5e8a25d0a18c7b1d68.es","_translationsConfigFile":"/home/miguel/.config/Code/clp/125a9a608456aa5e8a25d0a18c7b1d68.es/tcf.json","_cacheRoot":"/home/miguel/.config/Code/clp/125a9a608456aa5e8a25d0a18c7b1d68.es","_resolvedLanguagePackCoreLocation":"/home/miguel/.config/Code/clp/125a9a608456aa5e8a25d0a18c7b1d68.es/c3511e6c69bb39013c4a4b7b9566ec1ca73fc4d5","_corruptedFile":"/home/miguel/.config/Code/clp/125a9a608456aa5e8a25d0a18c7b1d68.es/corrupted.info","_languagePackSupport":true}
# environment
JOURNAL_STREAM = 8:47635
# makefile (from 'Makefile', line 19)
BLUE := ""
# environment
XDG_CONFIG_DIRS = /etc/xdg/xdg-ubuntu:/etc/xdg
# environment
SNAP_INSTANCE_NAME = code
# environment
SNAP_ARCH = amd64
# makefile (from 'Makefile', line 29)
IMAGE_NAME = graphicresources/itpg-backoffice-coding-task
# makefile (from 'Makefile', line 1)
MAKEFILE_LIST :=  Makefile
# automatic
@F = $(notdir $@)
# environment
GIO_LAUNCHED_DESKTOP_FILE = /var/lib/snapd/desktop/applications/code_code.desktop
# environment
USERNAME = miguel
# environment
XDG_DATA_DIRS = /usr/share/ubuntu:/usr/local/share/:/usr/share/:/var/lib/snapd/desktop
# environment
DBUS_SESSION_BUS_ADDRESS = unix:path=/run/user/1000/bus
# environment
VSCODE_VERBOSE_LOGGING = true
# environment
_ = /snap/code/97/usr/share/code/code
# environment
MANAGERPID = 1739
# environment
VSCODE_IPC_HOOK_EXTHOST = /run/user/1000/vscode-ipc-21f43d99-a35c-4cf5-9f58-4dad177796b3.sock
# environment
VSCODE_CWD = /home/miguel
# environment
GSETTINGS_SCHEMA_DIR = /snap/code/97/usr/share/glib-2.0/schemas
# default
MAKE_HOST := x86_64-pc-linux-gnu
# environment
PATH = /usr/local/sbin:/usr/local/bin:/usr/sbin:/usr/bin:/sbin:/bin:/usr/games:/usr/local/games:/snap/bin
# environment
GPG_AGENT_INFO = /run/user/1000/gnupg/S.gpg-agent:0:1
# environment
LSCOLORS = Gxfxcxdxbxegedabagacad
# makefile (from 'Makefile', line 31)
IMAGE_TAG_DEV = development
# environment
SESSION_MANAGER = local/pc-break:@/tmp/.ICE-unix/1956,unix/pc-break:/tmp/.ICE-unix/1956
# environment
XDG_RUNTIME_DIR = /run/user/1000
# environment
GDK_PIXBUF_MODULE_FILE = /home/miguel/snap/code/common/.cache/gdk-pixbuf-loaders.cache
# environment
SNAP = /snap/code/97
# environment
SNAP_VERSION = c3511e6c
# environment
XDG_MENU_PREFIX = gnome-
# environment
VSCODE_LOG_STACK = false
# environment
DISABLE_WAYLAND = 1
# environment
ELECTRON_RUN_AS_NODE = 1
# environment
INVOCATION_ID = dbdb4d903d1a4a76ac5797e370de3ded
# environment
GDK_PIXBUF_MODULEDIR = /snap/code/97/usr/lib/x86_64-linux-gnu/gdk-pixbuf-2.0/2.10.0/loaders
# default
.FEATURES := target-specific order-only second-expansion else-if shortest-stem undefine oneshell archives jobserver output-sync check-symlink load
# environment
ELECTRON_NO_ATTACH_CONSOLE = 1
# environment
LS_COLORS = 
# environment
XDG_SESSION_DESKTOP = ubuntu
# environment
SSH_AUTH_SOCK = /run/user/1000/keyring/ssh
# environment
GIO_LAUNCHED_DESKTOP_FILE_PID = 56491
# automatic
%F = $(notdir $%)
# environment
DISPLAY = :0
# environment
VSCODE_PIPE_LOGGING = true
# environment
SNAP_INSTANCE_KEY = 
# environment
PWD = /home/miguel/Documentos/backoffice-coding-task-slim
# default
.LOADED := 
# environment
SSH_AGENT_PID = 1918
# makefile (from 'Makefile', line 27)
HELP_COLOR := ""
# environment
ORIGINAL_XDG_CURRENT_DESKTOP = ubuntu:GNOME
# makefile (from 'Makefile', line 17)
GREEN := ""
# environment
GTK_MODULES = gail:atk-bridge
# environment
VSCODE_AMD_ENTRYPOINT = vs/workbench/api/node/extensionHostProcess
# environment
HOME = /home/miguel
# environment
VSCODE_CLI = 1
# environment
VSCODE_CODE_CACHE_PATH = /home/miguel/.config/Code/CachedData/c3511e6c69bb39013c4a4b7b9566ec1ca73fc4d5
# makefile (from 'Makefile', line 26)
COMMAND_COLOR := ""
# environment
LOGNAME = miguel
# environment
APPLICATION_INSIGHTS_NO_DIAGNOSTIC_CHANNEL = 1
# environment
SNAP_LIBRARY_PATH = /var/lib/snapd/lib/gl:/var/lib/snapd/lib/gl32:/var/lib/snapd/void
# environment
SNAP_CONTEXT = tIp0ZupD2JXnp2nv1xmngSqVkDZCbf3esNkAbl9lDbmeUfdVZ7OV
# environment
ZSH = /home/miguel/.oh-my-zsh
# environment
SNAP_USER_COMMON = /home/miguel/snap/code/common
# environment
VSCODE_HANDLES_UNCAUGHT_ERRORS = true
# environment
GNOME_DESKTOP_SESSION_ID = this-is-deprecated
# automatic
^D = $(patsubst %/,%,$(dir $^))
# environment
MAKELEVEL := 0
# environment
SNAP_REAL_HOME = /home/miguel
# default
MAKE = $(MAKE_COMMAND)
# default
MAKECMDGOALS := all
# environment
QT_IM_MODULE = ibus
# environment
SNAP_USER_DATA = /home/miguel/snap/code/97
# environment
SHLVL = 0
# makefile (from 'Makefile', line 22)
WHITE := ""
# environment
GNOME_SHELL_SESSION_MODE = ubuntu
# default
MAKE_VERSION := 4.2.1
# environment
USER = miguel
# environment
SNAP_REVISION = 97
# makefile
.DEFAULT_GOAL := all
# environment
XDG_CURRENT_DESKTOP = Unity
# environment
LESS = -R
# automatic
%D = $(patsubst %/,%,$(dir $%))
# default
MAKE_COMMAND := make
# environment
OLDPWD = /home/miguel
# default
.VARIABLES := 
# automatic
*F = $(notdir $*)
# environment
VSCODE_IPC_HOOK = /run/user/1000/vscode-cfe45e27-1.67.2-main.sock
# environment
BAMF_DESKTOP_FILE_HINT = /var/lib/snapd/desktop/applications/code_code.desktop
# makefile (from 'Makefile', line 16)
RED := ""
# makefile
MAKEFLAGS = pqrR
# environment
MFLAGS = -pqrR
# automatic
*D = $(patsubst %/,%,$(dir $*))
# makefile (from 'Makefile', line 15)
BLACK := ""
# automatic
+D = $(patsubst %/,%,$(dir $+))
# makefile (from 'Makefile', line 18)
YELLOW := ""
# environment
GDK_BACKEND = x11
# makefile (from 'Makefile', line 21)
CYAN := ""
# automatic
+F = $(notdir $+)
# environment
NO_AT_BRIDGE = 1
# environment
QT_ACCESSIBILITY = 1
# default
MAKEFILES := 
# environment
SNAP_COOKIE = tIp0ZupD2JXnp2nv1xmngSqVkDZCbf3esNkAbl9lDbmeUfdVZ7OV
# automatic
<F = $(notdir $<)
# environment
SNAP_NAME = code
# environment
PAGER = less
# environment
LC_ALL = C
# makefile (from 'Makefile', line 23)
RESET := ""
# environment
GJS_DEBUG_TOPICS = JS ERROR;JS LOG
# automatic
^F = $(notdir $^)
# default
SUFFIXES := 
# environment
SNAP_REEXEC = 
# environment
CHROME_DESKTOP = code-url-handler.desktop
# environment
WINDOWPATH = 2
# default
.INCLUDE_DIRS = /usr/include /usr/local/include /usr/include
# environment
GJS_DEBUG_OUTPUT = stderr
# makefile (from 'Makefile', line 30)
 
IMAGE_TAG_BASE = base
# makefile (from 'Makefile', line 20)
MAGENTA := ""
# default
.RECIPEPREFIX := 
# environment
LANG = C
# environment
VSCODE_PID = 50172
# variable set hash-table stats:
# Load=138/1024=13%, Rehash=0, Collisions=20/178=11%

# Pattern-specific Variable Values

# No pattern-specific variable values.

# Directories

# . (device 66306, inode 13241780): 15 files, no impossibilities.

# 15 files, no impossibilities in 1 directories.

# Implicit Rules

test-group-%:
#  recipe to execute (from 'Makefile', line 75):
	docker-compose exec slim php ./vendor/bin/phpunit --no-coverage --color=always --group ${*}

# 1 implicit rules, 0 (0.0%) terminal.

# Files

composer-require:
#  Implicit rule search has not been done.
#  Modification time never checked.
#  File has not been updated.
#  recipe to execute (from 'Makefile', line 58):
	docker run --rm -ti -v ${PWD}/app:/app -w /app $(IMAGE_NAME):$(IMAGE_TAG_DEV) composer require --verbose

all: help
#  Phony target (prerequisite of .PHONY).
#  Command line target.
#  Implicit rule search has not been done.
#  File does not exist.
#  File has been updated.
#  Needs to be updated (-q is set).
# variable set hash-table stats:
# Load=0/32=0%, Rehash=0, Collisions=0/12=0%

.PHONY: all test
#  Implicit rule search has not been done.
#  Modification time never checked.
#  File has not been updated.

composer-require-dev:
#  Implicit rule search has not been done.
#  Modification time never checked.
#  File has not been updated.
#  recipe to execute (from 'Makefile', line 61):
	docker run --rm -ti -v ${PWD}/app:/app -w /app $(IMAGE_NAME):$(IMAGE_TAG_DEV) composer require --dev --verbose

up:
#  Implicit rule search has not been done.
#  Modification time never checked.
#  File has not been updated.
#  recipe to execute (from 'Makefile', line 79):
	docker-compose up -d

test-coverage:
#  Implicit rule search has not been done.
#  Modification time never checked.
#  File has not been updated.
#  recipe to execute (from 'Makefile', line 68):
	rm -rf test/report || echo "No existe la carpeta de reportes previamente"
	docker-compose exec -e XDEBUG_MODE=coverage slim php ./vendor/bin/phpunit --color=always

# Not a target:
.SUFFIXES:
#  Implicit rule search has not been done.
#  Modification time never checked.
#  File has not been updated.

# Not a target:
Makefile:
#  Implicit rule search has been done.
#  Last modified 2022-04-06 00:50:06
#  File has been updated.
#  Successfully updated.

test:
#  Phony target (prerequisite of .PHONY).
#  Implicit rule search has not been done.
#  File does not exist.
#  File has not been updated.
#  recipe to execute (from 'Makefile', line 65):
	docker-compose exec slim php ./vendor/bin/phpunit --no-coverage --color=always

build: build-container composer-install
#  Implicit rule search has not been done.
#  Modification time never checked.
#  File has not been updated.

composer-install:
#  Implicit rule search has not been done.
#  Modification time never checked.
#  File has not been updated.
#  recipe to execute (from 'Makefile', line 52):
	docker run --rm -v ${PWD}/app:/app -w /app $(IMAGE_NAME):$(IMAGE_TAG_DEV) composer install --verbose

help:
#  Implicit rule search has not been done.
#  Implicit/static pattern stem: ''
#  File does not exist.
#  File has been updated.
#  Needs to be updated (-q is set).
# automatic
# @ := help
# automatic
# % := 
# automatic
# * := 
# automatic
# + := 
# automatic
# | := 
# automatic
# < := 
# automatic
# ^ := 
# automatic
# ? := 
# variable set hash-table stats:
# Load=8/32=25%, Rehash=0, Collisions=4/20=20%
#  recipe to execute (from 'Makefile', line 37):
	@echo "╔══════════════════════════════════════════════════════════════════════════════╗"
	@echo "║                           ${CYAN}.:${RESET} AVAILABLE COMMANDS ${CYAN}:.${RESET}                           ║"
	@echo "╚══════════════════════════════════════════════════════════════════════════════╝"
	@echo ""
	@grep -E '^[a-zA-Z_0-9%-]+:.*?## .*$$' $(MAKEFILE_LIST) | sort | awk 'BEGIN {FS = ":.*?## "}; {printf "${COMMAND_COLOR}%-40s${RESET} ${HELP_COLOR}%s${RESET}\n", $$1, $$2}'
	@echo ""

test-mutant:
#  Implicit rule search has not been done.
#  Modification time never checked.
#  File has not been updated.
#  recipe to execute (from 'Makefile', line 72):
	docker run --rm -v ${PWD}/app:/app -w /app $(IMAGE_NAME):$(IMAGE_TAG_DEV) php ./vendor/bin/infection

# Not a target:
.DEFAULT:
#  Implicit rule search has not been done.
#  Modification time never checked.
#  File has not been updated.

composer-update:
#  Implicit rule search has not been done.
#  Modification time never checked.
#  File has not been updated.
#  recipe to execute (from 'Makefile', line 55):
	docker run --rm -v ${PWD}/app:/app -w /app $(IMAGE_NAME):$(IMAGE_TAG_DEV) composer update --verbose

down:
#  Implicit rule search has not been done.
#  Modification time never checked.
#  File has not been updated.
#  recipe to execute (from 'Makefile', line 82):
	docker-compose down

build-container:
#  Implicit rule search has not been done.
#  Modification time never checked.
#  File has not been updated.
#  recipe to execute (from 'Makefile', line 49):
	docker build --no-cache --target development -t $(IMAGE_NAME):$(IMAGE_TAG_DEV) ./docker

# files hash-table stats:
# Load=17/1024=2%, Rehash=0, Collisions=0/38=0%
# VPATH Search Paths

# No 'vpath' search paths.

# No general ('VPATH' variable) search path.

# strcache buffers: 1 (0) / strings = 34 / storage = 337 B / avg = 9 B
# current buf: size = 8162 B / used = 337 B / count = 34 / avg = 9 B

# strcache performance: lookups = 59 / hit rate = 42%
# hash-table stats:
# Load=34/8192=0%, Rehash=0, Collisions=1/59=2%
# Finished Make data base on Fri Jun 10 12:18:25 2022

 
